<?xml version="1.0" encoding="UTF-8"?>
<!-- Generated by org.testng.reporters.JUnitReportReporter -->
<testsuite hostname="md1zttwc" name="Emprix.Start.Emprix_Login" tests="1" failures="0" timestamp="19 Jan 2020 09:37:05 GMT" time="8.813" errors="0">
  <testcase name="login" time="8.813" classname="Emprix.Start.Emprix_Login"/>
</testsuite> <!-- Emprix.Start.Emprix_Login -->
