<?xml version="1.0" encoding="UTF-8"?>
<!-- Generated by org.testng.reporters.JUnitReportReporter -->
<testsuite hostname="md1zttwc" name="Emprix.Start.Empirix_Test" tests="1" failures="0" timestamp="18 Jan 2020 23:52:46 GMT" time="76.538" errors="0">
  <testcase name="login" time="76.538" classname="Emprix.Start.Empirix_Test"/>
</testsuite> <!-- Emprix.Start.Empirix_Test -->
