<?xml version="1.0" encoding="UTF-8"?>
<!-- Generated by org.testng.reporters.JUnitReportReporter -->
<testsuite hostname="md1zttwc" name="Emprix.Start.Extent_Report_TestNg" tests="1" failures="0" timestamp="18 Jan 2020 16:31:47 GMT" time="18.766" errors="0">
  <testcase name="login" time="18.766" classname="Emprix.Start.Extent_Report_TestNg"/>
</testsuite> <!-- Emprix.Start.Extent_Report_TestNg -->
