<?xml version="1.0" encoding="UTF-8"?>
<!-- Generated by org.testng.reporters.JUnitReportReporter -->
<testsuite hostname="md1zttwc" name="Emprix.Start.Test123" tests="1" failures="0" timestamp="18 Jan 2020 15:39:37 GMT" time="19.496" errors="0">
  <testcase name="start" time="19.496" classname="Emprix.Start.Test123"/>
</testsuite> <!-- Emprix.Start.Test123 -->
