<?xml version="1.0" encoding="UTF-8"?>
<!-- Generated by org.testng.reporters.JUnitReportReporter -->
<testsuite hostname="md1zttwc" name="Emprix.Start.Empirix_Updated" tests="7" failures="0" timestamp="20 Jan 2020 01:46:08 GMT" time="122.724" errors="0">
  <testcase name="Select_English_language" time="14.346" classname="Emprix.Start.Empirix_Updated"/>
  <testcase name="information" time="16.691" classname="Emprix.Start.Empirix_Updated"/>
  <testcase name="tabs" time="2.519" classname="Emprix.Start.Empirix_Updated"/>
  <testcase name="launch" time="41.598" classname="Emprix.Start.Empirix_Updated"/>
  <testcase name="Select_Japense_language" time="17.800" classname="Emprix.Start.Empirix_Updated"/>
  <testcase name="logout" time="2.140" classname="Emprix.Start.Empirix_Updated"/>
  <testcase name="login" time="27.630" classname="Emprix.Start.Empirix_Updated"/>
</testsuite> <!-- Emprix.Start.Empirix_Updated -->
