<?xml version="1.0" encoding="UTF-8"?>
<!-- Generated by org.testng.reporters.JUnitReportReporter -->
<testsuite hostname="md1zttwc" name="Emprix.Start.Empirix_Updated" tests="7" failures="0" timestamp="20 Jan 2020 13:17:36 GMT" time="139.537" errors="0">
  <testcase name="login" time="33.025" classname="Emprix.Start.Empirix_Updated"/>
  <testcase name="Select_English_language" time="14.723" classname="Emprix.Start.Empirix_Updated"/>
  <testcase name="logout" time="8.530" classname="Emprix.Start.Empirix_Updated"/>
  <testcase name="tabs" time="12.632" classname="Emprix.Start.Empirix_Updated"/>
  <testcase name="information" time="16.817" classname="Emprix.Start.Empirix_Updated"/>
  <testcase name="Select_Japense_language" time="21.148" classname="Emprix.Start.Empirix_Updated"/>
  <testcase name="launch" time="32.662" classname="Emprix.Start.Empirix_Updated"/>
</testsuite> <!-- Emprix.Start.Empirix_Updated -->
