<?xml version="1.0" encoding="UTF-8"?>
<!-- Generated by org.testng.reporters.JUnitReportReporter -->
<testsuite hostname="md1zttwc" name="Emprix.Start.Test123" tests="1" failures="0" timestamp="19 Jan 2020 17:41:07 GMT" time="0.015" errors="0">
  <testcase name="tester" time="0.015" classname="Emprix.Start.Test123"/>
</testsuite> <!-- Emprix.Start.Test123 -->
